<?xml version="1.0" encoding="UTF-8"?>
<!-- Generated by org.testng.reporters.JUnitReportReporter -->
<testsuite skipped="0" hostname="LokeshBS" name="UnitApitest.WebdriverTest" tests="1" failures="0" timestamp="2020-06-29T12:26:48 IST" time="8.106" errors="0">
  <testcase name="webdriverTest" time="8.106" classname="UnitApitest.WebdriverTest"/>
  <system-out/>
</testsuite> <!-- UnitApitest.WebdriverTest -->
